#
# A fatal error has been detected by the Java Runtime Environment:
#
#  EXCEPTION_ACCESS_VIOLATION (0xc0000005) at pc=0x00007ffdd28e599d, pid=4444, tid=1912
#
# JRE version: OpenJDK Runtime Environment Temurin-17.0.13+11 (17.0.13+11) (build 17.0.13+11)
# Java VM: OpenJDK 64-Bit Server VM Temurin-17.0.13+11 (17.0.13+11, mixed mode, tiered, compressed oops, compressed class ptrs, parallel gc, windows-amd64)
# Problematic frame:
# V  [jvm.dll+0x26599d]
#
# No core dump will be written. Minidumps are not enabled by default on client versions of Windows
#
# If you would like to submit a bug report, please visit:
#   https://github.com/adoptium/adoptium-support/issues
#

---------------  S U M M A R Y ------------

Command Line: --add-modules=ALL-SYSTEM --add-opens=java.base/java.util=ALL-UNNAMED --add-opens=java.base/java.lang=ALL-UNNAMED --add-opens=java.base/sun.nio.fs=ALL-UNNAMED -Declipse.application=org.eclipse.jdt.ls.core.id1 -Dosgi.bundles.defaultStartLevel=4 -Declipse.product=org.eclipse.jdt.ls.core.product -Djava.import.generatesMetadataFilesAtProjectRoot=false -DDetectVMInstallationsJob.disabled=true -Dfile.encoding=utf8 -XX:+UseParallelGC -XX:GCTimeRatio=4 -XX:AdaptiveSizePolicyWeight=90 -Dsun.zip.disableMemoryMapping=true -Xmx1G -Xms100m -Xlog:disable -javaagent:c:\Users\Kristian\.vscode\extensions\redhat.java-1.37.0-win32-x64\lombok\lombok-1.18.34.jar c:\Users\Kristian\.vscode\extensions\redhat.java-1.37.0-win32-x64\server\plugins\org.eclipse.equinox.launcher_1.6.900.v20240613-2009.jar -configuration c:\Users\Kristian\AppData\Roaming\Code\User\globalStorage\redhat.java\1.37.0\config_ss_win -data c:\Users\Kristian\AppData\Roaming\Code\User\workspaceStorage\fedc1d75c505be906e81166e7ce07aae\redhat.java\ss_ws --pipe=\\.\pipe\lsp-6afe3dabf278b75ab8ce2a771e18e9fa-sock

Host: Intel(R) Celeron(R) N4100 CPU @ 1.10GHz, 4 cores, 3G,  Windows 10 , 64 bit Build 19041 (10.0.19041.928)
Time: Thu Dec  5 14:32:34 2024 Central Pacific Standard Time elapsed time: 7.609213 seconds (0d 0h 0m 7s)

---------------  T H R E A D  ---------------

Current thread (0x0000018c634264f0):  JavaThread "C2 CompilerThread0" daemon [_thread_in_native, id=1912, stack(0x0000004e5f900000,0x0000004e5fa00000)]


Current CompileTask:
C2:   7609 2928       4       java.util.Properties$LineReader::readLine (584 bytes)

Stack: [0x0000004e5f900000,0x0000004e5fa00000],  sp=0x0000004e5f9fbd10,  free space=1007k
Native frames: (J=compiled Java code, j=interpreted, Vv=VM code, C=native code)
V  [jvm.dll+0x26599d]
V  [jvm.dll+0x60e6a8]
V  [jvm.dll+0x60e66f]
V  [jvm.dll+0x60e66f]
V  [jvm.dll+0x60e66f]
V  [jvm.dll+0x613d5c]
V  [jvm.dll+0x614c5c]
V  [jvm.dll+0x61312c]
V  [jvm.dll+0x217ece]
V  [jvm.dll+0x21748f]
V  [jvm.dll+0x1a3070]
V  [jvm.dll+0x22788c]
V  [jvm.dll+0x2259eb]
V  [jvm.dll+0x7eec98]
V  [jvm.dll+0x7e8ffc]
V  [jvm.dll+0x6818f7]
C  [ucrtbase.dll+0x21bb2]
C  [KERNEL32.DLL+0x17034]
C  [ntdll.dll+0x52651]


siginfo: EXCEPTION_ACCESS_VIOLATION (0xc0000005), reading address 0x0000000000000002


Registers:
RAX=0x0000000000000001, RBX=0x0000000000000002, RCX=0x0000000000000000, RDX=0x0000000000000002
RSP=0x0000004e5f9fbd10, RBP=0x0000018c693658d0, RSI=0x0000018c6ab689e0, RDI=0x00007ffdd2680000
R8 =0x0000018c6abaa9d8, R9 =0x00007ffdd28de736, R10=0x0000000000000030, R11=0x0000018c6abaa9e0
R12=0x0000000000000001, R13=0x0000000000000001, R14=0x0000018c6abaa9d8, R15=0x0000018c6b27ddf8
RIP=0x00007ffdd28e599d, EFLAGS=0x0000000000010246


Register to memory mapping:

RIP=0x00007ffdd28e599d jvm.dll
RAX=0x0000000000000001 is an unknown value
RBX=0x0000000000000002 is an unknown value
RCX=0x0 is NULL
RDX=0x0000000000000002 is an unknown value
RSP=0x0000004e5f9fbd10 is pointing into the stack for thread: 0x0000018c634264f0
RBP=0x0000018c693658d0 points into unknown readable memory: 0x00007ffdd2f9cd38 | 38 cd f9 d2 fd 7f 00 00
RSI=0x0000018c6ab689e0 points into unknown readable memory: 0x0000000000000000 | 00 00 00 00 00 00 00 00
RDI=0x00007ffdd2680000 jvm.dll
R8 =0x0000018c6abaa9d8 points into unknown readable memory: 0x00007ffdd301e918 | 18 e9 01 d3 fd 7f 00 00
R9 =0x00007ffdd28de736 jvm.dll
R10=0x0000000000000030 is an unknown value
R11=0x0000018c6abaa9e0 points into unknown readable memory: 0x0000018c6abaaa28 | 28 aa ba 6a 8c 01 00 00
R12=0x0000000000000001 is an unknown value
R13=0x0000000000000001 is an unknown value
R14=0x0000018c6abaa9d8 points into unknown readable memory: 0x00007ffdd301e918 | 18 e9 01 d3 fd 7f 00 00
R15=0x0000018c6b27ddf8 points into unknown readable memory: 0x00007ffdd2fa07a8 | a8 07 fa d2 fd 7f 00 00


Top of Stack: (sp=0x0000004e5f9fbd10)
0x0000004e5f9fbd10:   0000000000007fd8 00007ffdd272d4cc
0x0000004e5f9fbd20:   0000018c6a94ec60 0000004e5f9fcda8
0x0000004e5f9fbd30:   0000018c6b27ddf8 0000018c6abaaa04
0x0000004e5f9fbd40:   0000018c6ab689e0 00007ffdd2c8e6a8
0x0000004e5f9fbd50:   0000018c6abaa9d8 0000018c693658d0
0x0000004e5f9fbd60:   0000018c6aba8bb0 00007ffdd2e7bf3f
0x0000004e5f9fbd70:   0000018c6a94ec60 00007ffdd2e7ba8b
0x0000004e5f9fbd80:   0000000200000001 0000000000000008
0x0000004e5f9fbd90:   0000000000000002 0000000000000001
0x0000004e5f9fbda0:   0000018c688209f0 0000018c68967c50
0x0000004e5f9fbdb0:   0000004e5f9fc420 0000018c693658d0
0x0000004e5f9fbdc0:   0000018c6b27ddf8 00007ffdd2c8e66f
0x0000004e5f9fbdd0:   0000004e5f9fc420 0000000000000000
0x0000004e5f9fbde0:   0000018c688209f0 0000018c693658d0
0x0000004e5f9fbdf0:   0000004e5f9fc008 0000000000000000
0x0000004e5f9fbe00:   0000000400000001 0000000000000010
0x0000004e5f9fbe10:   0000000000000002 0000000000000000
0x0000004e5f9fbe20:   0000018c688202e0 0000018c68967a48
0x0000004e5f9fbe30:   0000004e5f9fc420 0000018c693658d0
0x0000004e5f9fbe40:   0000018c68967c50 00007ffdd2c8e66f
0x0000004e5f9fbe50:   0000004e5f9fc420 0000000000000000
0x0000004e5f9fbe60:   0000018c688202e0 0000018c693658d0
0x0000004e5f9fbe70:   0000004e5f9fc008 0000000000000000
0x0000004e5f9fbe80:   0000000400000001 0000000000000010
0x0000004e5f9fbe90:   0000000000000002 0000000000000000
0x0000004e5f9fbea0:   0000018c6881fbd0 0000018c689679e0
0x0000004e5f9fbeb0:   0000004e5f9fc420 0000018c693658d0
0x0000004e5f9fbec0:   0000018c68967a48 00007ffdd2c8e66f
0x0000004e5f9fbed0:   0000004e5f9fc420 0000000000000000
0x0000004e5f9fbee0:   0000018c6881fbd0 0000018c693658d0
0x0000004e5f9fbef0:   0000004e5f9fc008 0000018c6881f4c0
0x0000004e5f9fbf00:   0000000300000001 0000000000000010 

Instructions: (pc=0x00007ffdd28e599d)
0x00007ffdd28e589d:   48 8b 81 00 07 00 00 48 85 c0 0f 84 b9 00 00 00
0x00007ffdd28e58ad:   f6 80 9a 05 00 00 01 0f 84 ac 00 00 00 49 8b 00
0x00007ffdd28e58bd:   49 8b ce ff 50 28 48 8b 48 18 e8 24 53 59 00 83
0x00007ffdd28e58cd:   f8 07 0f 85 91 00 00 00 48 8b 86 00 07 00 00 8b
0x00007ffdd28e58dd:   80 f4 01 00 00 83 c0 64 89 86 f4 01 00 00 83 c0
0x00007ffdd28e58ed:   64 c7 86 9a 05 00 00 9f 03 b5 02 89 86 f8 01 00
0x00007ffdd28e58fd:   00 b0 01 e9 98 00 00 00 48 8b 81 00 07 00 00 48
0x00007ffdd28e590d:   85 c0 74 55 f6 80 9a 05 00 00 01 74 4c 49 8b 00
0x00007ffdd28e591d:   49 8b ce ff 50 28 48 8b 48 18 e8 c4 52 59 00 83
0x00007ffdd28e592d:   f8 06 75 35 48 8b 86 00 07 00 00 8b 80 f4 01 00
0x00007ffdd28e593d:   00 83 c0 64 89 86 f4 01 00 00 83 c0 64 c7 86 9a
0x00007ffdd28e594d:   05 00 00 a1 03 b5 02 89 86 f8 01 00 00 b0 01 eb
0x00007ffdd28e595d:   3f 49 8b d6 e8 1a ce 02 00 b0 01 eb 33 48 8b 0d
0x00007ffdd28e596d:   8f f5 93 00 48 8d 15 10 82 6e 00 e8 f3 f2 41 00
0x00007ffdd28e597d:   4c 8b 8c df f0 46 b3 00 48 8d 15 1c 82 6e 00 48
0x00007ffdd28e598d:   8b 0d 6d f5 93 00 44 8b c3 e8 d5 f2 41 00 32 c0
0x00007ffdd28e599d:   48 8b 5c 24 40 48 8b 6c 24 48 48 8b 74 24 50 48
0x00007ffdd28e59ad:   83 c4 20 41 5f 41 5e 5f c3 66 90 36 e7 25 00 5d
0x00007ffdd28e59bd:   e7 25 00 bb e7 25 00 5a e8 25 00 96 e8 25 00 d2
0x00007ffdd28e59cd:   e8 25 00 6a 59 26 00 21 e9 25 00 4c e9 25 00 61
0x00007ffdd28e59dd:   e9 25 00 9b e9 25 00 b0 e9 25 00 c8 e9 25 00 15
0x00007ffdd28e59ed:   ea 25 00 6a 59 26 00 2f ea 25 00 3e ea 25 00 4d
0x00007ffdd28e59fd:   ea 25 00 e0 ea 25 00 61 eb 25 00 70 eb 25 00 7f
0x00007ffdd28e5a0d:   eb 25 00 8e eb 25 00 9d eb 25 00 6a 59 26 00 6a
0x00007ffdd28e5a1d:   59 26 00 ac eb 25 00 bb eb 25 00 6a 59 26 00 ca
0x00007ffdd28e5a2d:   eb 25 00 6a 59 26 00 d9 eb 25 00 6a 59 26 00 e8
0x00007ffdd28e5a3d:   eb 25 00 6a 59 26 00 54 ec 25 00 cc ec 25 00 4d
0x00007ffdd28e5a4d:   ed 25 00 c5 ed 25 00 6a 59 26 00 3d ee 25 00 82
0x00007ffdd28e5a5d:   ee 25 00 a5 ee 25 00 c8 ee 25 00 6a 59 26 00 de
0x00007ffdd28e5a6d:   ee 25 00 f4 ee 25 00 0a ef 25 00 20 ef 25 00 36
0x00007ffdd28e5a7d:   ef 25 00 4c ef 25 00 62 ef 25 00 c6 ef 25 00 2a
0x00007ffdd28e5a8d:   f0 25 00 9f f0 25 00 1d f1 25 00 d2 f1 25 00 ad 


Stack slot to memory mapping:
stack at sp + 0 slots: 0x0000000000007fd8 is an unknown value
stack at sp + 1 slots: 0x00007ffdd272d4cc jvm.dll
stack at sp + 2 slots: 0x0000018c6a94ec60 points into unknown readable memory: 0x00007ffdd3051280 | 80 12 05 d3 fd 7f 00 00
stack at sp + 3 slots: 0x0000004e5f9fcda8 is pointing into the stack for thread: 0x0000018c634264f0
stack at sp + 4 slots: 0x0000018c6b27ddf8 points into unknown readable memory: 0x00007ffdd2fa07a8 | a8 07 fa d2 fd 7f 00 00
stack at sp + 5 slots: 0x0000018c6abaaa04 points into unknown readable memory: 30 00 00 00
stack at sp + 6 slots: 0x0000018c6ab689e0 points into unknown readable memory: 0x0000000000000000 | 00 00 00 00 00 00 00 00
stack at sp + 7 slots: 0x00007ffdd2c8e6a8 jvm.dll


---------------  P R O C E S S  ---------------

Threads class SMR info:
_java_thread_list=0x0000018c6a1e06b0, length=29, elements={
0x0000018c4f5b1950, 0x0000018c633f6750, 0x0000018c633f7ad0, 0x0000018c63420270,
0x0000018c634210f0, 0x0000018c63423d80, 0x0000018c63425750, 0x0000018c634264f0,
0x0000018c63452bd0, 0x0000018c6345d890, 0x0000018c68590070, 0x0000018c68836e20,
0x0000018c68feb4d0, 0x0000018c6914daf0, 0x0000018c6912ec40, 0x0000018c68fd1050,
0x0000018c690ba4a0, 0x0000018c693ac3e0, 0x0000018c693ad310, 0x0000018c693ac8f0,
0x0000018c693ace00, 0x0000018c693ab9c0, 0x0000018c694fdd80, 0x0000018c693aafa0,
0x0000018c693ad820, 0x0000018c693abed0, 0x0000018c693ab4b0, 0x0000018c693aa070,
0x0000018c693aa580
}

Java Threads: ( => current thread )
  0x0000018c4f5b1950 JavaThread "main" [_thread_in_native, id=7544, stack(0x0000004e5f000000,0x0000004e5f100000)]
  0x0000018c633f6750 JavaThread "Reference Handler" daemon [_thread_blocked, id=1196, stack(0x0000004e5f300000,0x0000004e5f400000)]
  0x0000018c633f7ad0 JavaThread "Finalizer" daemon [_thread_blocked, id=6284, stack(0x0000004e5f400000,0x0000004e5f500000)]
  0x0000018c63420270 JavaThread "Signal Dispatcher" daemon [_thread_blocked, id=3800, stack(0x0000004e5f500000,0x0000004e5f600000)]
  0x0000018c634210f0 JavaThread "Attach Listener" daemon [_thread_blocked, id=6904, stack(0x0000004e5f600000,0x0000004e5f700000)]
  0x0000018c63423d80 JavaThread "Service Thread" daemon [_thread_blocked, id=5764, stack(0x0000004e5f700000,0x0000004e5f800000)]
  0x0000018c63425750 JavaThread "Monitor Deflation Thread" daemon [_thread_blocked, id=1808, stack(0x0000004e5f800000,0x0000004e5f900000)]
=>0x0000018c634264f0 JavaThread "C2 CompilerThread0" daemon [_thread_in_native, id=1912, stack(0x0000004e5f900000,0x0000004e5fa00000)]
  0x0000018c63452bd0 JavaThread "C1 CompilerThread0" daemon [_thread_blocked, id=228, stack(0x0000004e5fa00000,0x0000004e5fb00000)]
  0x0000018c6345d890 JavaThread "Sweeper thread" daemon [_thread_blocked, id=5708, stack(0x0000004e5fb00000,0x0000004e5fc00000)]
  0x0000018c68590070 JavaThread "Common-Cleaner" daemon [_thread_blocked, id=3708, stack(0x0000004e5fc00000,0x0000004e5fd00000)]
  0x0000018c68836e20 JavaThread "Notification Thread" daemon [_thread_blocked, id=8532, stack(0x0000004e5fe00000,0x0000004e5ff00000)]
  0x0000018c68feb4d0 JavaThread "Active Thread: Equinox Container: bd915b66-abed-49bc-9e83-ce7ac853ce76" [_thread_blocked, id=2520, stack(0x0000004e60300000,0x0000004e60400000)]
  0x0000018c6914daf0 JavaThread "Framework Event Dispatcher: Equinox Container: bd915b66-abed-49bc-9e83-ce7ac853ce76" daemon [_thread_blocked, id=3428, stack(0x0000004e60400000,0x0000004e60500000)]
  0x0000018c6912ec40 JavaThread "Start Level: Equinox Container: bd915b66-abed-49bc-9e83-ce7ac853ce76" daemon [_thread_blocked, id=6696, stack(0x0000004e60500000,0x0000004e60600000)]
  0x0000018c68fd1050 JavaThread "SCR Component Actor" daemon [_thread_blocked, id=4752, stack(0x0000004e60200000,0x0000004e60300000)]
  0x0000018c690ba4a0 JavaThread "SCR Component Registry" daemon [_thread_blocked, id=1148, stack(0x0000004e60600000,0x0000004e60700000)]
  0x0000018c693ac3e0 JavaThread "Worker-JM" [_thread_blocked, id=2628, stack(0x0000004e60700000,0x0000004e60800000)]
  0x0000018c693ad310 JavaThread "JNA Cleaner" daemon [_thread_blocked, id=3184, stack(0x0000004e60800000,0x0000004e60900000)]
  0x0000018c693ac8f0 JavaThread "Worker-0" [_thread_blocked, id=6884, stack(0x0000004e60900000,0x0000004e60a00000)]
  0x0000018c693ace00 JavaThread "Worker-1: Initialize After Load" [_thread_in_Java, id=5324, stack(0x0000004e60a00000,0x0000004e60b00000)]
  0x0000018c693ab9c0 JavaThread "Worker-2" [_thread_blocked, id=556, stack(0x0000004e60b00000,0x0000004e60c00000)]
  0x0000018c694fdd80 JavaThread "C2 CompilerThread1" daemon [_thread_in_native, id=4544, stack(0x0000004e60c00000,0x0000004e60d00000)]
  0x0000018c693aafa0 JavaThread "Thread-2" daemon [_thread_in_native, id=9072, stack(0x0000004e60d00000,0x0000004e60e00000)]
  0x0000018c693ad820 JavaThread "Thread-3" daemon [_thread_in_native, id=6496, stack(0x0000004e60e00000,0x0000004e60f00000)]
  0x0000018c693abed0 JavaThread "Thread-4" daemon [_thread_in_native, id=2500, stack(0x0000004e60f00000,0x0000004e61000000)]
  0x0000018c693ab4b0 JavaThread "Thread-5" daemon [_thread_in_native, id=6536, stack(0x0000004e61000000,0x0000004e61100000)]
  0x0000018c693aa070 JavaThread "Thread-6" daemon [_thread_in_native, id=5672, stack(0x0000004e61100000,0x0000004e61200000)]
  0x0000018c693aa580 JavaThread "pool-2-thread-1" [_thread_blocked, id=5544, stack(0x0000004e61200000,0x0000004e61300000)]

Other Threads:
  0x0000018c633daf20 VMThread "VM Thread" [stack: 0x0000004e5f200000,0x0000004e5f300000] [id=3704]
  0x0000018c6885e2d0 WatcherThread [stack: 0x0000004e5ff00000,0x0000004e60000000] [id=6560]
  0x0000018c4f5c8dc0 GCTaskThread "GC Thread#0" [stack: 0x0000004e5f100000,0x0000004e5f200000] [id=4116]
  0x0000018c692cf400 GCTaskThread "GC Thread#1" [stack: 0x0000004e5fd00000,0x0000004e5fe00000] [id=2544]
  0x0000018c68ce7de0 GCTaskThread "GC Thread#2" [stack: 0x0000004e60000000,0x0000004e60100000] [id=9084]
  0x0000018c68ce80a0 GCTaskThread "GC Thread#3" [stack: 0x0000004e60100000,0x0000004e60200000] [id=8656]

Threads with active compile tasks:
C2 CompilerThread0     7665 2928       4       java.util.Properties$LineReader::readLine (584 bytes)
C2 CompilerThread1     7665 2964       4       jdk.internal.org.objectweb.asm.Frame::execute (2318 bytes)

VM state: not at safepoint (normal execution)

VM Mutex/Monitor currently owned by a thread: None

Heap address: 0x00000000c0000000, size: 1024 MB, Compressed Oops mode: 32-bit

CDS archive(s) not mapped
Compressed class space mapped at: 0x0000000100000000-0x0000000140000000, reserved size: 1073741824
Narrow klass base: 0x0000000000000000, Narrow klass shift: 3, Narrow klass range: 0x140000000

GC Precious Log:
 CPUs: 4 total, 4 available
 Memory: 3918M
 Large Page Support: Disabled
 NUMA Support: Disabled
 Compressed Oops: Enabled (32-bit)
 Alignments: Space 512K, Generation 512K, Heap 2M
 Heap Min Capacity: 100M
 Heap Initial Capacity: 100M
 Heap Max Capacity: 1G
 Pre-touch: Disabled
 Parallel Workers: 4

Heap:
 PSYoungGen      total 27136K, used 22641K [0x00000000eab00000, 0x00000000ecb80000, 0x0000000100000000)
  eden space 24064K, 81% used [0x00000000eab00000,0x00000000ebe1e278,0x00000000ec280000)
  from space 3072K, 99% used [0x00000000ec400000,0x00000000ec6fe2e8,0x00000000ec700000)
  to   space 4608K, 0% used [0x00000000ec700000,0x00000000ec700000,0x00000000ecb80000)
 ParOldGen       total 68608K, used 8011K [0x00000000c0000000, 0x00000000c4300000, 0x00000000eab00000)
  object space 68608K, 11% used [0x00000000c0000000,0x00000000c07d2e38,0x00000000c4300000)
 Metaspace       used 33603K, committed 34176K, reserved 1114112K
  class space    used 3311K, committed 3520K, reserved 1048576K

Card table byte_map: [0x0000018c4ef60000,0x0000018c4f170000] _byte_map_base: 0x0000018c4e960000

Marking Bits: (ParMarkBitMap*) 0x00007ffdd3226940
 Begin Bits: [0x0000018c61260000, 0x0000018c62260000)
 End Bits:   [0x0000018c62260000, 0x0000018c63260000)

Polling page: 0x0000018c4d490000

Metaspace:

Usage:
  Non-class:     29.59 MB used.
      Class:      3.23 MB used.
       Both:     32.82 MB used.

Virtual space:
  Non-class space:       64.00 MB reserved,      29.94 MB ( 47%) committed,  1 nodes.
      Class space:        1.00 GB reserved,       3.44 MB ( <1%) committed,  1 nodes.
             Both:        1.06 GB reserved,      33.38 MB (  3%) committed. 

Chunk freelists:
   Non-Class:  1.58 MB
       Class:  12.38 MB
        Both:  13.95 MB

MaxMetaspaceSize: unlimited
CompressedClassSpaceSize: 1.00 GB
Initial GC threshold: 21.00 MB
Current GC threshold: 35.00 MB
CDS: off
MetaspaceReclaimPolicy: balanced
 - commit_granule_bytes: 65536.
 - commit_granule_words: 8192.
 - virtual_space_node_default_size: 8388608.
 - enlarge_chunks_in_place: 1.
 - new_chunks_are_fully_committed: 0.
 - uncommit_free_chunks: 1.
 - use_allocation_guard: 0.
 - handle_deallocations: 1.


Internal statistics:

num_allocs_failed_limit: 3.
num_arena_births: 350.
num_arena_deaths: 14.
num_vsnodes_births: 2.
num_vsnodes_deaths: 0.
num_space_committed: 534.
num_space_uncommitted: 0.
num_chunks_returned_to_freelist: 17.
num_chunks_taken_from_freelist: 1317.
num_chunk_merges: 8.
num_chunk_splits: 869.
num_chunks_enlarged: 589.
num_inconsistent_stats: 0.

CodeHeap 'non-profiled nmethods': size=120000Kb used=1343Kb max_used=1343Kb free=118657Kb
 bounds [0x0000018c59d30000, 0x0000018c59fa0000, 0x0000018c61260000]
CodeHeap 'profiled nmethods': size=120000Kb used=5792Kb max_used=5792Kb free=114207Kb
 bounds [0x0000018c52260000, 0x0000018c52810000, 0x0000018c59790000]
CodeHeap 'non-nmethods': size=5760Kb used=1263Kb max_used=1305Kb free=4496Kb
 bounds [0x0000018c59790000, 0x0000018c59a00000, 0x0000018c59d30000]
 total_blobs=3564 nmethods=2980 adapters=499
 compilation: enabled
              stopped_count=0, restarted_count=0
 full_count=0

Compilation events (20 events):
Event: 7.564 Thread 0x0000018c63452bd0 nmethod 2927 0x0000018c527e2690 code [0x0000018c527e2880, 0x0000018c527e2d08]
Event: 7.565 Thread 0x0000018c634264f0 2928       4       java.util.Properties$LineReader::readLine (584 bytes)
Event: 7.583 Thread 0x0000018c63452bd0 2929       3       java.lang.invoke.MethodHandleNatives::linkCallSite (66 bytes)
Event: 7.584 Thread 0x0000018c63452bd0 nmethod 2929 0x0000018c527e2f90 code [0x0000018c527e3160, 0x0000018c527e3668]
Event: 7.584 Thread 0x0000018c63452bd0 2930       3       java.lang.invoke.MethodHandleNatives::linkCallSiteImpl (44 bytes)
Event: 7.585 Thread 0x0000018c63452bd0 nmethod 2930 0x0000018c527e3810 code [0x0000018c527e3a40, 0x0000018c527e4298]
Event: 7.585 Thread 0x0000018c63452bd0 2931   !   3       java.lang.invoke.CallSite::makeSite (91 bytes)
Event: 7.587 Thread 0x0000018c63452bd0 nmethod 2931 0x0000018c527e4610 code [0x0000018c527e4940, 0x0000018c527e59b8]
Event: 7.587 Thread 0x0000018c63452bd0 2932       3       java.lang.invoke.ConstantCallSite::<init> (17 bytes)
Event: 7.588 Thread 0x0000018c63452bd0 nmethod 2932 0x0000018c527e6590 code [0x0000018c527e6760, 0x0000018c527e6c48]
Event: 7.588 Thread 0x0000018c63452bd0 2933       3       jdk.internal.reflect.ReflectionFactory::copyMethod (11 bytes)
Event: 7.588 Thread 0x0000018c63452bd0 nmethod 2933 0x0000018c527e6e90 code [0x0000018c527e7040, 0x0000018c527e7228]
Event: 7.588 Thread 0x0000018c63452bd0 2934       3       java.lang.reflect.ReflectAccess::copyMethod (5 bytes)
Event: 7.588 Thread 0x0000018c63452bd0 nmethod 2934 0x0000018c527e7390 code [0x0000018c527e7540, 0x0000018c527e7688]
Event: 7.588 Thread 0x0000018c63452bd0 2935       3       java.util.ImmutableCollections$AbstractImmutableList::<init> (5 bytes)
Event: 7.589 Thread 0x0000018c63452bd0 nmethod 2935 0x0000018c527e7790 code [0x0000018c527e7940, 0x0000018c527e7b78]
Event: 7.590 Thread 0x0000018c63452bd0 2936       3       java.util.HashMap::keysToArray (81 bytes)
Event: 7.591 Thread 0x0000018c63452bd0 nmethod 2936 0x0000018c527e7c90 code [0x0000018c527e7e60, 0x0000018c527e82b8]
Event: 7.591 Thread 0x0000018c63452bd0 2937       3       java.lang.Module::isStaticallyExportedOrOpen (70 bytes)
Event: 7.591 Thread 0x0000018c63452bd0 nmethod 2937 0x0000018c527e8490 code [0x0000018c527e86a0, 0x0000018c527e8d38]

GC Heap History (16 events):
Event: 2.067 GC heap before
{Heap before GC invocations=1 (full 0):
 PSYoungGen      total 29696K, used 25600K [0x00000000eab00000, 0x00000000ecc00000, 0x0000000100000000)
  eden space 25600K, 100% used [0x00000000eab00000,0x00000000ec400000,0x00000000ec400000)
  from space 4096K, 0% used [0x00000000ec800000,0x00000000ec800000,0x00000000ecc00000)
  to   space 4096K, 0% used [0x00000000ec400000,0x00000000ec400000,0x00000000ec800000)
 ParOldGen       total 68608K, used 0K [0x00000000c0000000, 0x00000000c4300000, 0x00000000eab00000)
  object space 68608K, 0% used [0x00000000c0000000,0x00000000c0000000,0x00000000c4300000)
 Metaspace       used 10957K, committed 11136K, reserved 1114112K
  class space    used 1089K, committed 1216K, reserved 1048576K
}
Event: 2.080 GC heap after
{Heap after GC invocations=1 (full 0):
 PSYoungGen      total 29696K, used 3156K [0x00000000eab00000, 0x00000000ecc00000, 0x0000000100000000)
  eden space 25600K, 0% used [0x00000000eab00000,0x00000000eab00000,0x00000000ec400000)
  from space 4096K, 77% used [0x00000000ec400000,0x00000000ec715350,0x00000000ec800000)
  to   space 4096K, 0% used [0x00000000ec800000,0x00000000ec800000,0x00000000ecc00000)
 ParOldGen       total 68608K, used 16K [0x00000000c0000000, 0x00000000c4300000, 0x00000000eab00000)
  object space 68608K, 0% used [0x00000000c0000000,0x00000000c0004000,0x00000000c4300000)
 Metaspace       used 10957K, committed 11136K, reserved 1114112K
  class space    used 1089K, committed 1216K, reserved 1048576K
}
Event: 3.357 GC heap before
{Heap before GC invocations=2 (full 0):
 PSYoungGen      total 29696K, used 28756K [0x00000000eab00000, 0x00000000ecc00000, 0x0000000100000000)
  eden space 25600K, 100% used [0x00000000eab00000,0x00000000ec400000,0x00000000ec400000)
  from space 4096K, 77% used [0x00000000ec400000,0x00000000ec715350,0x00000000ec800000)
  to   space 4096K, 0% used [0x00000000ec800000,0x00000000ec800000,0x00000000ecc00000)
 ParOldGen       total 68608K, used 16K [0x00000000c0000000, 0x00000000c4300000, 0x00000000eab00000)
  object space 68608K, 0% used [0x00000000c0000000,0x00000000c0004000,0x00000000c4300000)
 Metaspace       used 14786K, committed 15040K, reserved 1114112K
  class space    used 1495K, committed 1664K, reserved 1048576K
}
Event: 3.369 GC heap after
{Heap after GC invocations=2 (full 0):
 PSYoungGen      total 29696K, used 4089K [0x00000000eab00000, 0x00000000ecc00000, 0x0000000100000000)
  eden space 25600K, 0% used [0x00000000eab00000,0x00000000eab00000,0x00000000ec400000)
  from space 4096K, 99% used [0x00000000ec800000,0x00000000ecbfe7d0,0x00000000ecc00000)
  to   space 4096K, 0% used [0x00000000ec400000,0x00000000ec400000,0x00000000ec800000)
 ParOldGen       total 68608K, used 838K [0x00000000c0000000, 0x00000000c4300000, 0x00000000eab00000)
  object space 68608K, 1% used [0x00000000c0000000,0x00000000c00d1b60,0x00000000c4300000)
 Metaspace       used 14786K, committed 15040K, reserved 1114112K
  class space    used 1495K, committed 1664K, reserved 1048576K
}
Event: 4.404 GC heap before
{Heap before GC invocations=3 (full 0):
 PSYoungGen      total 29696K, used 29689K [0x00000000eab00000, 0x00000000ecc00000, 0x0000000100000000)
  eden space 25600K, 100% used [0x00000000eab00000,0x00000000ec400000,0x00000000ec400000)
  from space 4096K, 99% used [0x00000000ec800000,0x00000000ecbfe7d0,0x00000000ecc00000)
  to   space 4096K, 0% used [0x00000000ec400000,0x00000000ec400000,0x00000000ec800000)
 ParOldGen       total 68608K, used 838K [0x00000000c0000000, 0x00000000c4300000, 0x00000000eab00000)
  object space 68608K, 1% used [0x00000000c0000000,0x00000000c00d1b60,0x00000000c4300000)
 Metaspace       used 19800K, committed 20224K, reserved 1114112K
  class space    used 2019K, committed 2176K, reserved 1048576K
}
Event: 4.412 GC heap after
{Heap after GC invocations=3 (full 0):
 PSYoungGen      total 29696K, used 4091K [0x00000000eab00000, 0x00000000ecc00000, 0x0000000100000000)
  eden space 25600K, 0% used [0x00000000eab00000,0x00000000eab00000,0x00000000ec400000)
  from space 4096K, 99% used [0x00000000ec400000,0x00000000ec7feee0,0x00000000ec800000)
  to   space 4096K, 0% used [0x00000000ec800000,0x00000000ec800000,0x00000000ecc00000)
 ParOldGen       total 68608K, used 2474K [0x00000000c0000000, 0x00000000c4300000, 0x00000000eab00000)
  object space 68608K, 3% used [0x00000000c0000000,0x00000000c026abc0,0x00000000c4300000)
 Metaspace       used 19800K, committed 20224K, reserved 1114112K
  class space    used 2019K, committed 2176K, reserved 1048576K
}
Event: 4.596 GC heap before
{Heap before GC invocations=4 (full 0):
 PSYoungGen      total 29696K, used 10940K [0x00000000eab00000, 0x00000000ecc00000, 0x0000000100000000)
  eden space 25600K, 26% used [0x00000000eab00000,0x00000000eb1b01b8,0x00000000ec400000)
  from space 4096K, 99% used [0x00000000ec400000,0x00000000ec7feee0,0x00000000ec800000)
  to   space 4096K, 0% used [0x00000000ec800000,0x00000000ec800000,0x00000000ecc00000)
 ParOldGen       total 68608K, used 2474K [0x00000000c0000000, 0x00000000c4300000, 0x00000000eab00000)
  object space 68608K, 3% used [0x00000000c0000000,0x00000000c026abc0,0x00000000c4300000)
 Metaspace       used 21100K, committed 21504K, reserved 1114112K
  class space    used 2153K, committed 2304K, reserved 1048576K
}
Event: 4.602 GC heap after
{Heap after GC invocations=4 (full 0):
 PSYoungGen      total 29696K, used 4064K [0x00000000eab00000, 0x00000000ecc00000, 0x0000000100000000)
  eden space 25600K, 0% used [0x00000000eab00000,0x00000000eab00000,0x00000000ec400000)
  from space 4096K, 99% used [0x00000000ec800000,0x00000000ecbf8118,0x00000000ecc00000)
  to   space 4096K, 0% used [0x00000000ec400000,0x00000000ec400000,0x00000000ec800000)
 ParOldGen       total 68608K, used 2918K [0x00000000c0000000, 0x00000000c4300000, 0x00000000eab00000)
  object space 68608K, 4% used [0x00000000c0000000,0x00000000c02d9bd0,0x00000000c4300000)
 Metaspace       used 21100K, committed 21504K, reserved 1114112K
  class space    used 2153K, committed 2304K, reserved 1048576K
}
Event: 4.602 GC heap before
{Heap before GC invocations=5 (full 1):
 PSYoungGen      total 29696K, used 4064K [0x00000000eab00000, 0x00000000ecc00000, 0x0000000100000000)
  eden space 25600K, 0% used [0x00000000eab00000,0x00000000eab00000,0x00000000ec400000)
  from space 4096K, 99% used [0x00000000ec800000,0x00000000ecbf8118,0x00000000ecc00000)
  to   space 4096K, 0% used [0x00000000ec400000,0x00000000ec400000,0x00000000ec800000)
 ParOldGen       total 68608K, used 2918K [0x00000000c0000000, 0x00000000c4300000, 0x00000000eab00000)
  object space 68608K, 4% used [0x00000000c0000000,0x00000000c02d9bd0,0x00000000c4300000)
 Metaspace       used 21100K, committed 21504K, reserved 1114112K
  class space    used 2153K, committed 2304K, reserved 1048576K
}
Event: 4.641 GC heap after
{Heap after GC invocations=5 (full 1):
 PSYoungGen      total 29696K, used 0K [0x00000000eab00000, 0x00000000ecc00000, 0x0000000100000000)
  eden space 25600K, 0% used [0x00000000eab00000,0x00000000eab00000,0x00000000ec400000)
  from space 4096K, 0% used [0x00000000ec800000,0x00000000ec800000,0x00000000ecc00000)
  to   space 4096K, 0% used [0x00000000ec400000,0x00000000ec400000,0x00000000ec800000)
 ParOldGen       total 68608K, used 6848K [0x00000000c0000000, 0x00000000c4300000, 0x00000000eab00000)
  object space 68608K, 9% used [0x00000000c0000000,0x00000000c06b0210,0x00000000c4300000)
 Metaspace       used 21087K, committed 21504K, reserved 1114112K
  class space    used 2149K, committed 2304K, reserved 1048576K
}
Event: 5.330 GC heap before
{Heap before GC invocations=6 (full 1):
 PSYoungGen      total 29696K, used 25378K [0x00000000eab00000, 0x00000000ecc00000, 0x0000000100000000)
  eden space 25600K, 99% used [0x00000000eab00000,0x00000000ec3c8b10,0x00000000ec400000)
  from space 4096K, 0% used [0x00000000ec800000,0x00000000ec800000,0x00000000ecc00000)
  to   space 4096K, 0% used [0x00000000ec400000,0x00000000ec400000,0x00000000ec800000)
 ParOldGen       total 68608K, used 6848K [0x00000000c0000000, 0x00000000c4300000, 0x00000000eab00000)
  object space 68608K, 9% used [0x00000000c0000000,0x00000000c06b0210,0x00000000c4300000)
 Metaspace       used 23584K, committed 24128K, reserved 1114112K
  class space    used 2404K, committed 2624K, reserved 1048576K
}
Event: 5.334 GC heap after
{Heap after GC invocations=6 (full 1):
 PSYoungGen      total 27648K, used 2454K [0x00000000eab00000, 0x00000000eca80000, 0x0000000100000000)
  eden space 25088K, 0% used [0x00000000eab00000,0x00000000eab00000,0x00000000ec380000)
  from space 2560K, 95% used [0x00000000ec400000,0x00000000ec665980,0x00000000ec680000)
  to   space 3584K, 0% used [0x00000000ec700000,0x00000000ec700000,0x00000000eca80000)
 ParOldGen       total 68608K, used 6856K [0x00000000c0000000, 0x00000000c4300000, 0x00000000eab00000)
  object space 68608K, 9% used [0x00000000c0000000,0x00000000c06b2210,0x00000000c4300000)
 Metaspace       used 23584K, committed 24128K, reserved 1114112K
  class space    used 2404K, committed 2624K, reserved 1048576K
}
Event: 6.019 GC heap before
{Heap before GC invocations=7 (full 1):
 PSYoungGen      total 27648K, used 27542K [0x00000000eab00000, 0x00000000eca80000, 0x0000000100000000)
  eden space 25088K, 100% used [0x00000000eab00000,0x00000000ec380000,0x00000000ec380000)
  from space 2560K, 95% used [0x00000000ec400000,0x00000000ec665980,0x00000000ec680000)
  to   space 3584K, 0% used [0x00000000ec700000,0x00000000ec700000,0x00000000eca80000)
 ParOldGen       total 68608K, used 6856K [0x00000000c0000000, 0x00000000c4300000, 0x00000000eab00000)
  object space 68608K, 9% used [0x00000000c0000000,0x00000000c06b2210,0x00000000c4300000)
 Metaspace       used 27909K, committed 28480K, reserved 1114112K
  class space    used 2710K, committed 2944K, reserved 1048576K
}
Event: 6.025 GC heap after
{Heap after GC invocations=7 (full 1):
 PSYoungGen      total 27648K, used 2609K [0x00000000eab00000, 0x00000000eca00000, 0x0000000100000000)
  eden space 24576K, 0% used [0x00000000eab00000,0x00000000eab00000,0x00000000ec300000)
  from space 3072K, 84% used [0x00000000ec700000,0x00000000ec98c6f8,0x00000000eca00000)
  to   space 3072K, 0% used [0x00000000ec400000,0x00000000ec400000,0x00000000ec700000)
 ParOldGen       total 68608K, used 6864K [0x00000000c0000000, 0x00000000c4300000, 0x00000000eab00000)
  object space 68608K, 10% used [0x00000000c0000000,0x00000000c06b4210,0x00000000c4300000)
 Metaspace       used 27909K, committed 28480K, reserved 1114112K
  class space    used 2710K, committed 2944K, reserved 1048576K
}
Event: 6.829 GC heap before
{Heap before GC invocations=8 (full 1):
 PSYoungGen      total 27648K, used 27185K [0x00000000eab00000, 0x00000000eca00000, 0x0000000100000000)
  eden space 24576K, 100% used [0x00000000eab00000,0x00000000ec300000,0x00000000ec300000)
  from space 3072K, 84% used [0x00000000ec700000,0x00000000ec98c6f8,0x00000000eca00000)
  to   space 3072K, 0% used [0x00000000ec400000,0x00000000ec400000,0x00000000ec700000)
 ParOldGen       total 68608K, used 6864K [0x00000000c0000000, 0x00000000c4300000, 0x00000000eab00000)
  object space 68608K, 10% used [0x00000000c0000000,0x00000000c06b4210,0x00000000c4300000)
 Metaspace       used 30491K, committed 30976K, reserved 1114112K
  class space    used 2945K, committed 3136K, reserved 1048576K
}
Event: 6.834 GC heap after
{Heap after GC invocations=8 (full 1):
 PSYoungGen      total 27136K, used 3064K [0x00000000eab00000, 0x00000000ecb80000, 0x0000000100000000)
  eden space 24064K, 0% used [0x00000000eab00000,0x00000000eab00000,0x00000000ec280000)
  from space 3072K, 99% used [0x00000000ec400000,0x00000000ec6fe2e8,0x00000000ec700000)
  to   space 4608K, 0% used [0x00000000ec700000,0x00000000ec700000,0x00000000ecb80000)
 ParOldGen       total 68608K, used 8011K [0x00000000c0000000, 0x00000000c4300000, 0x00000000eab00000)
  object space 68608K, 11% used [0x00000000c0000000,0x00000000c07d2e38,0x00000000c4300000)
 Metaspace       used 30491K, committed 30976K, reserved 1114112K
  class space    used 2945K, committed 3136K, reserved 1048576K
}

Dll operation events (10 events):
Event: 0.130 Loaded shared library c:\Users\Kristian\.vscode\extensions\redhat.java-1.37.0-win32-x64\jre\17.0.13-win32-x86_64\bin\java.dll
Event: 0.694 Loaded shared library c:\Users\Kristian\.vscode\extensions\redhat.java-1.37.0-win32-x64\jre\17.0.13-win32-x86_64\bin\zip.dll
Event: 0.701 Loaded shared library C:\Users\Kristian\.vscode\extensions\redhat.java-1.37.0-win32-x64\jre\17.0.13-win32-x86_64\bin\instrument.dll
Event: 0.735 Loaded shared library C:\Users\Kristian\.vscode\extensions\redhat.java-1.37.0-win32-x64\jre\17.0.13-win32-x86_64\bin\net.dll
Event: 0.742 Loaded shared library C:\Users\Kristian\.vscode\extensions\redhat.java-1.37.0-win32-x64\jre\17.0.13-win32-x86_64\bin\nio.dll
Event: 0.764 Loaded shared library C:\Users\Kristian\.vscode\extensions\redhat.java-1.37.0-win32-x64\jre\17.0.13-win32-x86_64\bin\zip.dll
Event: 0.811 Loaded shared library C:\Users\Kristian\.vscode\extensions\redhat.java-1.37.0-win32-x64\jre\17.0.13-win32-x86_64\bin\jimage.dll
Event: 0.933 Loaded shared library c:\Users\Kristian\.vscode\extensions\redhat.java-1.37.0-win32-x64\jre\17.0.13-win32-x86_64\bin\verify.dll
Event: 3.076 Loaded shared library C:\Users\Kristian\AppData\Roaming\Code\User\globalStorage\redhat.java\1.37.0\config_ss_win\org.eclipse.equinox.launcher\org.eclipse.equinox.launcher.win32.win32.x86_64_1.2.1100.v20240722-2106\eclipse_11904.dll
Event: 4.812 Loaded shared library C:\Users\Kristian\AppData\Local\Temp\jna--1221180973\jna15214795771856445447.dll

Deoptimization events (20 events):
Event: 7.333 Thread 0x0000018c6912ec40 Uncommon trap: trap_request=0xffffff45 fr.pc=0x0000018c59e028f0 relative=0x0000000000000a10
Event: 7.333 Thread 0x0000018c6912ec40 Uncommon trap: reason=unstable_if action=reinterpret pc=0x0000018c59e028f0 method=jdk.internal.org.objectweb.asm.SymbolTable.put(Ljdk/internal/org/objectweb/asm/SymbolTable$Entry;)Ljdk/internal/org/objectweb/asm/SymbolTable$Entry; @ 13 c2
Event: 7.333 Thread 0x0000018c6912ec40 DEOPT PACKING pc=0x0000018c59e028f0 sp=0x0000004e605fbce0
Event: 7.333 Thread 0x0000018c6912ec40 DEOPT UNPACKING pc=0x0000018c597e669d sp=0x0000004e605fbc28 mode 2
Event: 7.354 Thread 0x0000018c6912ec40 Uncommon trap: trap_request=0xffffff76 fr.pc=0x0000018c59e6e804 relative=0x0000000000000644
Event: 7.354 Thread 0x0000018c6912ec40 Uncommon trap: reason=predicate action=maybe_recompile pc=0x0000018c59e6e804 method=java.util.TreeMap.getEntryUsingComparator(Ljava/lang/Object;)Ljava/util/TreeMap$Entry; @ 19 c2
Event: 7.354 Thread 0x0000018c6912ec40 DEOPT PACKING pc=0x0000018c59e6e804 sp=0x0000004e605fc670
Event: 7.354 Thread 0x0000018c6912ec40 DEOPT UNPACKING pc=0x0000018c597e669d sp=0x0000004e605fc590 mode 2
Event: 7.442 Thread 0x0000018c4f5b1950 Uncommon trap: trap_request=0xffffff76 fr.pc=0x0000018c59e69f48 relative=0x0000000000000608
Event: 7.442 Thread 0x0000018c4f5b1950 Uncommon trap: reason=predicate action=maybe_recompile pc=0x0000018c59e69f48 method=java.util.TreeMap.getEntryUsingComparator(Ljava/lang/Object;)Ljava/util/TreeMap$Entry; @ 19 c2
Event: 7.442 Thread 0x0000018c4f5b1950 DEOPT PACKING pc=0x0000018c59e69f48 sp=0x0000004e5f0fe0e0
Event: 7.442 Thread 0x0000018c4f5b1950 DEOPT UNPACKING pc=0x0000018c597e669d sp=0x0000004e5f0fe090 mode 2
Event: 7.494 Thread 0x0000018c693ace00 Uncommon trap: trap_request=0xffffff45 fr.pc=0x0000018c59e41c50 relative=0x0000000000000e30
Event: 7.494 Thread 0x0000018c693ace00 Uncommon trap: reason=unstable_if action=reinterpret pc=0x0000018c59e41c50 method=java.util.Properties.loadConvert([CIILjava/lang/StringBuilder;)Ljava/lang/String; @ 477 c2
Event: 7.494 Thread 0x0000018c693ace00 DEOPT PACKING pc=0x0000018c59e41c50 sp=0x0000004e60afd6d0
Event: 7.494 Thread 0x0000018c693ace00 DEOPT UNPACKING pc=0x0000018c597e669d sp=0x0000004e60afd6b0 mode 2
Event: 7.565 Thread 0x0000018c693ace00 DEOPT PACKING pc=0x0000018c5274f6fe sp=0x0000004e60afddd0
Event: 7.565 Thread 0x0000018c693ace00 DEOPT UNPACKING pc=0x0000018c597e6e24 sp=0x0000004e60afd2c8 mode 0
Event: 7.567 Thread 0x0000018c693ace00 DEOPT PACKING pc=0x0000018c5274f6fe sp=0x0000004e60afddd0
Event: 7.567 Thread 0x0000018c693ace00 DEOPT UNPACKING pc=0x0000018c597e6e24 sp=0x0000004e60afd2c8 mode 0

Classes loaded (20 events):
Event: 7.513 Loading class sun/nio/ch/AsynchronousChannelGroupImpl$2
Event: 7.513 Loading class sun/nio/ch/AsynchronousChannelGroupImpl$2 done
Event: 7.514 Loading class sun/nio/ch/AsynchronousChannelGroupImpl$1
Event: 7.514 Loading class sun/nio/ch/AsynchronousChannelGroupImpl$1 done
Event: 7.518 Loading class sun/nio/ch/PendingIoCache
Event: 7.518 Loading class sun/nio/ch/PendingIoCache done
Event: 7.521 Loading class sun/nio/ch/Invoker
Event: 7.523 Loading class sun/nio/ch/Invoker done
Event: 7.523 Loading class sun/nio/ch/Invoker$1
Event: 7.523 Loading class sun/nio/ch/Invoker$1 done
Event: 7.523 Loading class sun/nio/ch/Invoker$GroupAndInvokeCount
Event: 7.523 Loading class sun/nio/ch/Invoker$GroupAndInvokeCount done
Event: 7.565 Loading class java/util/concurrent/CompletableFuture
Event: 7.572 Loading class java/util/concurrent/CompletableFuture done
Event: 7.582 Loading class java/io/UncheckedIOException
Event: 7.582 Loading class java/io/UncheckedIOException done
Event: 7.587 Loading class java/util/stream/Nodes$FixedNodeBuilder
Event: 7.588 Loading class java/util/stream/Nodes$ArrayNode
Event: 7.588 Loading class java/util/stream/Nodes$ArrayNode done
Event: 7.588 Loading class java/util/stream/Nodes$FixedNodeBuilder done

Classes unloaded (7 events):
Event: 4.609 Thread 0x0000018c633daf20 Unloading class 0x000000010021b400 'java/lang/invoke/LambdaForm$MH+0x000000010021b400'
Event: 4.609 Thread 0x0000018c633daf20 Unloading class 0x000000010021b000 'java/lang/invoke/LambdaForm$MH+0x000000010021b000'
Event: 4.609 Thread 0x0000018c633daf20 Unloading class 0x000000010021ac00 'java/lang/invoke/LambdaForm$MH+0x000000010021ac00'
Event: 4.609 Thread 0x0000018c633daf20 Unloading class 0x000000010021a800 'java/lang/invoke/LambdaForm$MH+0x000000010021a800'
Event: 4.609 Thread 0x0000018c633daf20 Unloading class 0x000000010021a400 'java/lang/invoke/LambdaForm$BMH+0x000000010021a400'
Event: 4.609 Thread 0x0000018c633daf20 Unloading class 0x000000010021a000 'java/lang/invoke/LambdaForm$DMH+0x000000010021a000'
Event: 4.609 Thread 0x0000018c633daf20 Unloading class 0x0000000100214400 'java/lang/invoke/LambdaForm$DMH+0x0000000100214400'

Classes redefined (0 events):
No events

Internal exceptions (20 events):
Event: 4.991 Thread 0x0000018c693ac8f0 Exception <a 'java/lang/NoSuchMethodError'{0x00000000eb02da90}: 'java.lang.Object java.lang.invoke.DirectMethodHandle$Holder.newInvokeSpecial(java.lang.Object, java.lang.Object, int, java.lang.Object)'> (0x00000000eb02da90) 
thrown [s\src\hotspot\share\interpreter\linkResolver.cpp, line 759]
Event: 4.992 Thread 0x0000018c693ac8f0 Exception <a 'java/lang/NoSuchMethodError'{0x00000000eb0315a0}: 'java.lang.Object java.lang.invoke.DirectMethodHandle$Holder.invokeSpecial(java.lang.Object, java.lang.Object, java.lang.Object, int, java.lang.Object)'> (0x00000000eb0315a0) 
thrown [s\src\hotspot\share\interpreter\linkResolver.cpp, line 759]
Event: 5.112 Thread 0x0000018c6912ec40 Exception <a 'java/lang/NoSuchMethodError'{0x00000000eb44f870}: 'double java.lang.invoke.DirectMethodHandle$Holder.invokeStatic(java.lang.Object, java.lang.Object)'> (0x00000000eb44f870) 
thrown [s\src\hotspot\share\interpreter\linkResolver.cpp, line 759]
Event: 5.113 Thread 0x0000018c6912ec40 Exception <a 'java/lang/NoSuchMethodError'{0x00000000eb453188}: 'double java.lang.invoke.DirectMethodHandle$Holder.invokeStaticInit(java.lang.Object, java.lang.Object)'> (0x00000000eb453188) 
thrown [s\src\hotspot\share\interpreter\linkResolver.cpp, line 759]
Event: 5.656 Thread 0x0000018c6912ec40 Implicit null exception at 0x0000018c59e27ac8 to 0x0000018c59e27b78
Event: 6.464 Thread 0x0000018c6912ec40 Exception <a 'java/lang/ClassNotFoundException'{0x00000000ebb72f68}: com/sun/org/apache/xerces/internal/impl/msg/spi/DOMMessagesProvider> (0x00000000ebb72f68) 
thrown [s\src\hotspot\share\classfile\systemDictionary.cpp, line 256]
Event: 6.468 Thread 0x0000018c6912ec40 Implicit null exception at 0x0000018c59e041fd to 0x0000018c59e04de4
Event: 6.471 Thread 0x0000018c6912ec40 Exception <a 'java/lang/ClassNotFoundException'{0x00000000ebba0b38}: com/sun/org/apache/xerces/internal/impl/msg/spi/XMLSerializerMessagesProvider> (0x00000000ebba0b38) 
thrown [s\src\hotspot\share\classfile\systemDictionary.cpp, line 256]
Event: 6.472 Thread 0x0000018c6912ec40 Exception <a 'java/lang/ClassNotFoundException'{0x00000000ebbade10}: com/sun/org/apache/xerces/internal/impl/msg/spi/XMLMessagesProvider> (0x00000000ebbade10) 
thrown [s\src\hotspot\share\classfile\systemDictionary.cpp, line 256]
Event: 6.546 Thread 0x0000018c6912ec40 Exception <a 'java/lang/NoSuchMethodError'{0x00000000ebdd4cd8}: 'java.lang.Object java.lang.invoke.DirectMethodHandle$Holder.newInvokeSpecial(java.lang.Object, int, java.lang.Object, java.lang.Object)'> (0x00000000ebdd4cd8) 
thrown [s\src\hotspot\share\interpreter\linkResolver.cpp, line 759]
Event: 6.700 Thread 0x0000018c6912ec40 Exception <a 'sun/nio/fs/WindowsException'{0x00000000ec143070}> (0x00000000ec143070) 
thrown [s\src\hotspot\share\prims\jni.cpp, line 516]
Event: 7.117 Thread 0x0000018c6912ec40 Exception <a 'java/lang/ClassNotFoundException'{0x00000000eaf25410}: com/sun/org/apache/xml/internal/serializer/spi/XMLEntitiesProvider> (0x00000000eaf25410) 
thrown [s\src\hotspot\share\classfile\systemDictionary.cpp, line 256]
Event: 7.285 Thread 0x0000018c6912ec40 Exception <a 'java/io/FileNotFoundException'{0x00000000eb2b36d8}> (0x00000000eb2b36d8) 
thrown [s\src\hotspot\share\prims\jni.cpp, line 516]
Event: 7.340 Thread 0x0000018c6912ec40 Exception <a 'java/lang/UnsatisfiedLinkError'{0x00000000eb3b5208}: The specified procedure could not be found.
> (0x00000000eb3b5208) 
thrown [s\src\hotspot\share\prims\jni.cpp, line 535]
Event: 7.349 Thread 0x0000018c6912ec40 Exception <a 'java/io/FileNotFoundException'{0x00000000eb3d2d90}> (0x00000000eb3d2d90) 
thrown [s\src\hotspot\share\prims\jni.cpp, line 516]
Event: 7.376 Thread 0x0000018c6912ec40 Exception <a 'java/io/FileNotFoundException'{0x00000000eb44db30}> (0x00000000eb44db30) 
thrown [s\src\hotspot\share\prims\jni.cpp, line 516]
Event: 7.385 Thread 0x0000018c6912ec40 Exception <a 'java/lang/UnsatisfiedLinkError'{0x00000000eb479558}: The specified procedure could not be found.
> (0x00000000eb479558) 
thrown [s\src\hotspot\share\prims\jni.cpp, line 535]
Event: 7.483 Thread 0x0000018c4f5b1950 Exception <a 'java/lang/NoSuchMethodError'{0x00000000eb7b9030}: 'java.lang.Object java.lang.invoke.DirectMethodHandle$Holder.invokeStatic(java.lang.Object, java.lang.Object, long, java.lang.Object)'> (0x00000000eb7b9030) 
thrown [s\src\hotspot\share\interpreter\linkResolver.cpp, line 759]
Event: 7.484 Thread 0x0000018c4f5b1950 Exception <a 'java/lang/NoSuchMethodError'{0x00000000eb8167d0}: 'java.lang.Object java.lang.invoke.DirectMethodHandle$Holder.invokeStaticInit(java.lang.Object, java.lang.Object, long, java.lang.Object)'> (0x00000000eb8167d0) 
thrown [s\src\hotspot\share\interpreter\linkResolver.cpp, line 759]
Event: 7.488 Thread 0x0000018c4f5b1950 Exception <a 'java/lang/NoSuchMethodError'{0x00000000eb81cde0}: 'java.lang.Object java.lang.invoke.DirectMethodHandle$Holder.newInvokeSpecial(java.lang.Object, java.lang.Object, long)'> (0x00000000eb81cde0) 
thrown [s\src\hotspot\share\interpreter\linkResolver.cpp, line 759]

VM Operations (20 events):
Event: 6.019 Executing VM operation: ParallelGCFailedAllocation
Event: 6.025 Executing VM operation: ParallelGCFailedAllocation done
Event: 6.382 Executing VM operation: HandshakeAllThreads
Event: 6.382 Executing VM operation: HandshakeAllThreads done
Event: 6.567 Executing VM operation: HandshakeAllThreads
Event: 6.567 Executing VM operation: HandshakeAllThreads done
Event: 6.660 Executing VM operation: HandshakeAllThreads
Event: 6.660 Executing VM operation: HandshakeAllThreads done
Event: 6.669 Executing VM operation: HandshakeAllThreads
Event: 6.669 Executing VM operation: HandshakeAllThreads done
Event: 6.680 Executing VM operation: HandshakeAllThreads
Event: 6.680 Executing VM operation: HandshakeAllThreads done
Event: 6.829 Executing VM operation: ParallelGCFailedAllocation
Event: 6.834 Executing VM operation: ParallelGCFailedAllocation done
Event: 6.841 Executing VM operation: HandshakeAllThreads
Event: 6.841 Executing VM operation: HandshakeAllThreads done
Event: 6.844 Executing VM operation: HandshakeAllThreads
Event: 6.844 Executing VM operation: HandshakeAllThreads done
Event: 7.172 Executing VM operation: HandshakeAllThreads
Event: 7.172 Executing VM operation: HandshakeAllThreads done

Memory protections (0 events):
No events

Nmethod flushes (0 events):
No events

Events (20 events):
Event: 2.632 Thread 0x0000018c4f5b1950 Thread added: 0x0000018c68feb4d0
Event: 3.049 Thread 0x0000018c4f5b1950 Thread added: 0x0000018c6914daf0
Event: 3.062 Thread 0x0000018c4f5b1950 Thread added: 0x0000018c6912ec40
Event: 3.150 Thread 0x0000018c68fd1050 Thread exited: 0x0000018c68fd1050
Event: 3.160 Thread 0x0000018c6912ec40 Thread added: 0x0000018c68fd1050
Event: 3.530 Thread 0x0000018c6912ec40 Thread added: 0x0000018c690ba4a0
Event: 4.099 Thread 0x0000018c6912ec40 Thread added: 0x0000018c693ac3e0
Event: 4.855 Thread 0x0000018c6912ec40 Thread added: 0x0000018c693ad310
Event: 4.939 Thread 0x0000018c6912ec40 Thread added: 0x0000018c693ac8f0
Event: 4.991 Thread 0x0000018c6912ec40 Thread added: 0x0000018c693ace00
Event: 5.168 Thread 0x0000018c693ac8f0 Thread added: 0x0000018c693ab9c0
Event: 5.310 Thread 0x0000018c63452bd0 Thread added: 0x0000018c694fdd80
Event: 6.501 Thread 0x0000018c6912ec40 Thread added: 0x0000018c693aa070
Event: 6.774 Thread 0x0000018c693aa070 Thread exited: 0x0000018c693aa070
Event: 7.514 Thread 0x0000018c4f5b1950 Thread added: 0x0000018c693aafa0
Event: 7.514 Thread 0x0000018c4f5b1950 Thread added: 0x0000018c693ad820
Event: 7.515 Thread 0x0000018c4f5b1950 Thread added: 0x0000018c693abed0
Event: 7.516 Thread 0x0000018c4f5b1950 Thread added: 0x0000018c693ab4b0
Event: 7.517 Thread 0x0000018c4f5b1950 Thread added: 0x0000018c693aa070
Event: 7.542 Thread 0x0000018c4f5b1950 Thread added: 0x0000018c693aa580


Dynamic libraries:
0x00007ff674bc0000 - 0x00007ff674bce000 	c:\Users\Kristian\.vscode\extensions\redhat.java-1.37.0-win32-x64\jre\17.0.13-win32-x86_64\bin\java.exe
0x00007ffe0d430000 - 0x00007ffe0d625000 	C:\Windows\SYSTEM32\ntdll.dll
0x00007ffe0c760000 - 0x00007ffe0c81d000 	C:\Windows\System32\KERNEL32.DLL
0x00007ffe0b150000 - 0x00007ffe0b418000 	C:\Windows\System32\KERNELBASE.dll
0x00007ffe0adc0000 - 0x00007ffe0aec0000 	C:\Windows\System32\ucrtbase.dll
0x00007ffdfc510000 - 0x00007ffdfc527000 	c:\Users\Kristian\.vscode\extensions\redhat.java-1.37.0-win32-x64\jre\17.0.13-win32-x86_64\bin\jli.dll
0x00007ffe0cb20000 - 0x00007ffe0ccc0000 	C:\Windows\System32\USER32.dll
0x00007ffdf11e0000 - 0x00007ffdf147a000 	C:\Windows\WinSxS\amd64_microsoft.windows.common-controls_6595b64144ccf1df_6.0.19041.844_none_ca00b6081b84eb1d\COMCTL32.dll
0x00007ffe0b420000 - 0x00007ffe0b442000 	C:\Windows\System32\win32u.dll
0x00007ffe0d400000 - 0x00007ffe0d42a000 	C:\Windows\System32\GDI32.dll
0x00007ffe0abb0000 - 0x00007ffe0acbb000 	C:\Windows\System32\gdi32full.dll
0x00007ffe0ad20000 - 0x00007ffe0adbd000 	C:\Windows\System32\msvcp_win.dll
0x00007ffdebc30000 - 0x00007ffdebc4e000 	c:\Users\Kristian\.vscode\extensions\redhat.java-1.37.0-win32-x64\jre\17.0.13-win32-x86_64\bin\VCRUNTIME140.dll
0x00007ffe0d2d0000 - 0x00007ffe0d36e000 	C:\Windows\System32\msvcrt.dll
0x00007ffe0cd70000 - 0x00007ffe0cda0000 	C:\Windows\System32\IMM32.DLL
0x00007ffdfc4f0000 - 0x00007ffdfc4fc000 	c:\Users\Kristian\.vscode\extensions\redhat.java-1.37.0-win32-x64\jre\17.0.13-win32-x86_64\bin\vcruntime140_1.dll
0x00007ffddd880000 - 0x00007ffddd90d000 	c:\Users\Kristian\.vscode\extensions\redhat.java-1.37.0-win32-x64\jre\17.0.13-win32-x86_64\bin\msvcp140.dll
0x00007ffdd2680000 - 0x00007ffdd32eb000 	c:\Users\Kristian\.vscode\extensions\redhat.java-1.37.0-win32-x64\jre\17.0.13-win32-x86_64\bin\server\jvm.dll
0x00007ffe0ccc0000 - 0x00007ffe0cd6c000 	C:\Windows\System32\ADVAPI32.dll
0x00007ffe0cda0000 - 0x00007ffe0ce3b000 	C:\Windows\System32\sechost.dll
0x00007ffe0c5b0000 - 0x00007ffe0c6db000 	C:\Windows\System32\RPCRT4.dll
0x00007ffe0d390000 - 0x00007ffe0d3fb000 	C:\Windows\System32\WS2_32.dll
0x00007ffe0aa20000 - 0x00007ffe0aa6b000 	C:\Windows\SYSTEM32\POWRPROF.dll
0x00007ffe00cc0000 - 0x00007ffe00ce7000 	C:\Windows\SYSTEM32\WINMM.dll
0x00007ffe05c80000 - 0x00007ffe05c8a000 	C:\Windows\SYSTEM32\VERSION.dll
0x00007ffe0aa00000 - 0x00007ffe0aa12000 	C:\Windows\SYSTEM32\UMPDC.dll
0x00007ffe094a0000 - 0x00007ffe094b2000 	C:\Windows\SYSTEM32\kernel.appcore.dll
0x00007ffdebf60000 - 0x00007ffdebf6a000 	c:\Users\Kristian\.vscode\extensions\redhat.java-1.37.0-win32-x64\jre\17.0.13-win32-x86_64\bin\jimage.dll
0x00007ffe08a30000 - 0x00007ffe08c14000 	C:\Windows\SYSTEM32\DBGHELP.DLL
0x00007ffdf6010000 - 0x00007ffdf603c000 	C:\Windows\SYSTEM32\dbgcore.DLL
0x00007ffe0b450000 - 0x00007ffe0b4d0000 	C:\Windows\System32\bcryptPrimitives.dll
0x00007ffdebac0000 - 0x00007ffdebace000 	c:\Users\Kristian\.vscode\extensions\redhat.java-1.37.0-win32-x64\jre\17.0.13-win32-x86_64\bin\instrument.dll
0x00007ffdeb250000 - 0x00007ffdeb275000 	c:\Users\Kristian\.vscode\extensions\redhat.java-1.37.0-win32-x64\jre\17.0.13-win32-x86_64\bin\java.dll
0x00007ffdebaa0000 - 0x00007ffdebab8000 	c:\Users\Kristian\.vscode\extensions\redhat.java-1.37.0-win32-x64\jre\17.0.13-win32-x86_64\bin\zip.dll
0x00007ffe0bd40000 - 0x00007ffe0c482000 	C:\Windows\System32\SHELL32.dll
0x00007ffe08c20000 - 0x00007ffe093b0000 	C:\Windows\SYSTEM32\windows.storage.dll
0x00007ffe0cf70000 - 0x00007ffe0d2c5000 	C:\Windows\System32\combase.dll
0x00007ffe0a550000 - 0x00007ffe0a57c000 	C:\Windows\SYSTEM32\Wldp.dll
0x00007ffe0c980000 - 0x00007ffe0ca2e000 	C:\Windows\System32\SHCORE.dll
0x00007ffe0c820000 - 0x00007ffe0c875000 	C:\Windows\System32\shlwapi.dll
0x00007ffe0aaf0000 - 0x00007ffe0ab0f000 	C:\Windows\SYSTEM32\profapi.dll
0x00007ffdeb5f0000 - 0x00007ffdeb609000 	C:\Users\Kristian\.vscode\extensions\redhat.java-1.37.0-win32-x64\jre\17.0.13-win32-x86_64\bin\net.dll
0x00007ffe03520000 - 0x00007ffe0362b000 	C:\Windows\SYSTEM32\WINHTTP.dll
0x00007ffe0a2c0000 - 0x00007ffe0a32a000 	C:\Windows\system32\mswsock.dll
0x00007ffdeaea0000 - 0x00007ffdeaeb6000 	C:\Users\Kristian\.vscode\extensions\redhat.java-1.37.0-win32-x64\jre\17.0.13-win32-x86_64\bin\nio.dll
0x00007ffdeaff0000 - 0x00007ffdeb000000 	c:\Users\Kristian\.vscode\extensions\redhat.java-1.37.0-win32-x64\jre\17.0.13-win32-x86_64\bin\verify.dll
0x00007ffddd460000 - 0x00007ffddd4a5000 	C:\Users\Kristian\AppData\Roaming\Code\User\globalStorage\redhat.java\1.37.0\config_ss_win\org.eclipse.equinox.launcher\org.eclipse.equinox.launcher.win32.win32.x86_64_1.2.1100.v20240722-2106\eclipse_11904.dll
0x00007ffe0ce40000 - 0x00007ffe0cf6a000 	C:\Windows\System32\ole32.dll
0x00007ffe0a490000 - 0x00007ffe0a4a8000 	C:\Windows\SYSTEM32\CRYPTSP.dll
0x00007ffe09c60000 - 0x00007ffe09c94000 	C:\Windows\system32\rsaenh.dll
0x00007ffe0b120000 - 0x00007ffe0b147000 	C:\Windows\System32\bcrypt.dll
0x00007ffe0aa70000 - 0x00007ffe0aa9e000 	C:\Windows\SYSTEM32\USERENV.dll
0x00007ffe0a4b0000 - 0x00007ffe0a4bc000 	C:\Windows\SYSTEM32\CRYPTBASE.dll
0x00007ffe09fb0000 - 0x00007ffe09feb000 	C:\Windows\SYSTEM32\IPHLPAPI.DLL
0x00007ffe0b9f0000 - 0x00007ffe0b9f8000 	C:\Windows\System32\NSI.dll
0x00007ffe04190000 - 0x00007ffe041a7000 	C:\Windows\SYSTEM32\dhcpcsvc6.DLL
0x00007ffe04140000 - 0x00007ffe0415d000 	C:\Windows\SYSTEM32\dhcpcsvc.DLL
0x00007ffe09ff0000 - 0x00007ffe0a0bc000 	C:\Windows\SYSTEM32\DNSAPI.dll
0x00007ffddd410000 - 0x00007ffddd459000 	C:\Users\Kristian\AppData\Local\Temp\jna--1221180973\jna15214795771856445447.dll
0x00007ffe0c890000 - 0x00007ffe0c898000 	C:\Windows\System32\PSAPI.DLL

dbghelp: loaded successfully - version: 4.0.5 - missing functions: none
symbol engine: initialized successfully - sym options: 0x614 - pdb path: .;c:\Users\Kristian\.vscode\extensions\redhat.java-1.37.0-win32-x64\jre\17.0.13-win32-x86_64\bin;C:\Windows\SYSTEM32;C:\Windows\WinSxS\amd64_microsoft.windows.common-controls_6595b64144ccf1df_6.0.19041.844_none_ca00b6081b84eb1d;c:\Users\Kristian\.vscode\extensions\redhat.java-1.37.0-win32-x64\jre\17.0.13-win32-x86_64\bin\server;C:\Users\Kristian\AppData\Roaming\Code\User\globalStorage\redhat.java\1.37.0\config_ss_win\org.eclipse.equinox.launcher\org.eclipse.equinox.launcher.win32.win32.x86_64_1.2.1100.v20240722-2106;C:\Users\Kristian\AppData\Local\Temp\jna--1221180973

VM Arguments:
jvm_args: --add-modules=ALL-SYSTEM --add-opens=java.base/java.util=ALL-UNNAMED --add-opens=java.base/java.lang=ALL-UNNAMED --add-opens=java.base/sun.nio.fs=ALL-UNNAMED -Declipse.application=org.eclipse.jdt.ls.core.id1 -Dosgi.bundles.defaultStartLevel=4 -Declipse.product=org.eclipse.jdt.ls.core.product -Djava.import.generatesMetadataFilesAtProjectRoot=false -DDetectVMInstallationsJob.disabled=true -Dfile.encoding=utf8 -XX:+UseParallelGC -XX:GCTimeRatio=4 -XX:AdaptiveSizePolicyWeight=90 -Dsun.zip.disableMemoryMapping=true -Xmx1G -Xms100m -Xlog:disable -javaagent:c:\Users\Kristian\.vscode\extensions\redhat.java-1.37.0-win32-x64\lombok\lombok-1.18.34.jar 
java_command: c:\Users\Kristian\.vscode\extensions\redhat.java-1.37.0-win32-x64\server\plugins\org.eclipse.equinox.launcher_1.6.900.v20240613-2009.jar -configuration c:\Users\Kristian\AppData\Roaming\Code\User\globalStorage\redhat.java\1.37.0\config_ss_win -data c:\Users\Kristian\AppData\Roaming\Code\User\workspaceStorage\fedc1d75c505be906e81166e7ce07aae\redhat.java\ss_ws --pipe=\\.\pipe\lsp-6afe3dabf278b75ab8ce2a771e18e9fa-sock
java_class_path (initial): c:\Users\Kristian\.vscode\extensions\redhat.java-1.37.0-win32-x64\server\plugins\org.eclipse.equinox.launcher_1.6.900.v20240613-2009.jar
Launcher Type: SUN_STANDARD

[Global flags]
    uintx AdaptiveSizePolicyWeight                 = 90                                        {product} {command line}
     intx CICompilerCount                          = 3                                         {product} {ergonomic}
    uintx GCTimeRatio                              = 4                                         {product} {command line}
   size_t InitialHeapSize                          = 104857600                                 {product} {command line}
   size_t MaxHeapSize                              = 1073741824                                {product} {command line}
   size_t MaxNewSize                               = 357564416                                 {product} {ergonomic}
   size_t MinHeapDeltaBytes                        = 524288                                    {product} {ergonomic}
   size_t MinHeapSize                              = 104857600                                 {product} {command line}
   size_t NewSize                                  = 34603008                                  {product} {ergonomic}
    uintx NonNMethodCodeHeapSize                   = 5832780                                {pd product} {ergonomic}
    uintx NonProfiledCodeHeapSize                  = 122912730                              {pd product} {ergonomic}
   size_t OldSize                                  = 70254592                                  {product} {ergonomic}
    uintx ProfiledCodeHeapSize                     = 122912730                              {pd product} {ergonomic}
    uintx ReservedCodeCacheSize                    = 251658240                              {pd product} {ergonomic}
     bool SegmentedCodeCache                       = true                                      {product} {ergonomic}
   size_t SoftMaxHeapSize                          = 1073741824                             {manageable} {ergonomic}
     bool UseCompressedClassPointers               = true                           {product lp64_product} {ergonomic}
     bool UseCompressedOops                        = true                           {product lp64_product} {ergonomic}
     bool UseLargePagesIndividualAllocation        = false                                  {pd product} {ergonomic}
     bool UseParallelGC                            = true                                      {product} {command line}

Logging:
Log output configuration:
 #0: stdout all=off uptime,level,tags
 #1: stderr all=off uptime,level,tags

Environment Variables:
JAVA_HOME=C:\Program Files\Java\jdk-23
PATH=C:\Program Files\Common Files\Oracle\Java\javapath;C:\Windows\system32;C:\Windows;C:\Windows\System32\Wbem;C:\Windows\System32\WindowsPowerShell\v1.0\;C:\Program Files\Java\jdk-21\bin;C:\Program Files\nodejs\;C:\Program Files\Git\cmd;C:\xampp\php;C:\ProgramData\ComposerSetup\bin;C:\Program Files\Microsoft SQL Server\150\Tools\Binn\;C:\Program Files\Microsoft Visual Studio\2022\Enterprise\MSBuild\Current\Bin;C:\Users\Kristian\AppData\Local\Programs\Python\Python313;C:\Program Files\Java\jdk-23\bin;C:\apache-maven-3.9.9\bin;C:\Users\Kristian\AppData\Local\Programs\Python\Python313\Scripts\;C:\Users\Kristian\AppData\Local\Programs\Python\Python313\;C:\Users\Kristian\AppData\Local\Programs\Python\Launcher\;C:\Users\Kristian\AppData\Local\Microsoft\WindowsApps;C:\Users\Kristian\AppData\Roaming\npm;C:\Users\Kristian\AppData\Local\Programs\Microsoft VS Code\bin;C:\Users\Kristian\AppData\Roaming\Composer\vendor\bin
USERNAME=Kristian
OS=Windows_NT
PROCESSOR_IDENTIFIER=Intel64 Family 6 Model 122 Stepping 1, GenuineIntel
TMP=C:\Users\Kristian\AppData\Local\Temp
TEMP=C:\Users\Kristian\AppData\Local\Temp



Periodic native trim disabled


---------------  S Y S T E M  ---------------

OS:
 Windows 10 , 64 bit Build 19041 (10.0.19041.928)
OS uptime: 0 days 0:18 hours

CPU: total 4 (initial active 4) (4 cores per cpu, 1 threads per core) family 6 model 122 stepping 1 microcode 0x2e, cx8, cmov, fxsr, mmx, 3dnowpref, sse, sse2, sse3, ssse3, sse4.1, sse4.2, popcnt, tsc, tscinvbit, aes, erms, clmul, sha, clflush, clflushopt
Processor Information for all 4 processors :
  Max Mhz: 1101, Current Mhz: 1101, Mhz Limit: 1101

Memory: 4k page, system-wide physical 3918M (382M free)
TotalPageFile size 7630M (AvailPageFile size 3281M)
current process WorkingSet (physical memory assigned to process): 154M, peak: 155M
current process commit charge ("private bytes"): 247M, peak: 251M

vm_info: OpenJDK 64-Bit Server VM (17.0.13+11) for windows-amd64 JRE (17.0.13+11), built on Oct 16 2024 00:10:08 by "admin" with MS VC++ 17.7 (VS2022)

END.
